<?xml version="1.0" encoding="UTF-8"?>
<!-- Generated by org.testng.reporters.JUnitReportReporter -->
<testsuite hostname="DESKTOP-IF75EHJ" failures="0" tests="1" name="madhumitha.errortest.ErrorValidation" time="11.273" errors="0" timestamp="2024-10-18T15:33:21 IST" skipped="0">
  <testcase classname="madhumitha.errortest.ErrorValidation" name="errorTest" time="11.273"/>
</testsuite> <!-- madhumitha.errortest.ErrorValidation -->
