<?xml version="1.0" encoding="UTF-8"?>
<!-- Generated by org.testng.reporters.JUnitReportReporter -->
<testsuite hostname="DESKTOP-IF75EHJ" failures="0" tests="1" name="excellearning.LoginLetcode" time="15.023" errors="0" timestamp="2024-11-12T16:26:33 IST" skipped="0">
  <testcase classname="excellearning.LoginLetcode" name="login" time="15.023"/>
</testsuite> <!-- excellearning.LoginLetcode -->
