<?xml version="1.0" encoding="UTF-8"?>
<!-- Generated by org.testng.reporters.JUnitReportReporter -->
<testsuite hostname="DESKTOP-IF75EHJ" failures="0" tests="1" name="madhu.pageobjects.EndtoEndProject" time="26.610" errors="0" timestamp="2024-10-25T16:50:11 IST" skipped="0">
  <testcase classname="madhu.pageobjects.EndtoEndProject" name="testMethod" time="26.610"/>
</testsuite> <!-- madhu.pageobjects.EndtoEndProject -->
