<?xml version="1.0" encoding="UTF-8"?>
<!-- Generated by org.testng.reporters.JUnitReportReporter -->
<testsuite hostname="DESKTOP-IF75EHJ" failures="0" tests="2" name="pom.TestPage" time="26.617" errors="0" timestamp="2024-11-14T12:49:31 IST" skipped="0">
  <testcase classname="pom.TestPage" name="getData" time="11.999"/>
  <testcase classname="pom.TestPage" name="getData" time="14.618"/>
</testsuite> <!-- pom.TestPage -->
